  openpose_python.cpp
C:\Users\Admin\Downloads\openpose\include\openpose/flags.hpp(49,1): warning C4245: 'initializing': conversion from 'int' to 'google::uint64', signed/unsigned mismatch
C:\Users\Admin\Downloads\openpose\3rdparty\pybind11\include\pybind11\pytypes.h(629,1): warning C4522: 'pybind11::detail::accessor<pybind11::detail::accessor_policies::sequence_item>': multiple assignment operators specified
C:\Users\Admin\Downloads\openpose\3rdparty\pybind11\include\pybind11\pytypes.h(799): message : see reference to class template instantiation 'pybind11::detail::accessor<pybind11::detail::accessor_policies::sequence_item>' being compiled
C:\Users\Admin\Downloads\openpose\3rdparty\pybind11\include\pybind11\pytypes.h(629,1): warning C4522: 'pybind11::detail::accessor<pybind11::detail::accessor_policies::tuple_item>': multiple assignment operators specified
C:\Users\Admin\Downloads\openpose\3rdparty\pybind11\include\pybind11\pytypes.h(1418): message : see reference to class template instantiation 'pybind11::detail::accessor<pybind11::detail::accessor_policies::tuple_item>' being compiled
C:\Users\Admin\Downloads\openpose\3rdparty\pybind11\include\pybind11\pytypes.h(629,1): warning C4522: 'pybind11::detail::accessor<pybind11::detail::accessor_policies::generic_item>': multiple assignment operators specified
C:\Users\Admin\Downloads\openpose\3rdparty\pybind11\include\pybind11\pytypes.h(1419): message : see reference to class template instantiation 'pybind11::detail::accessor<pybind11::detail::accessor_policies::generic_item>' being compiled
C:\Users\Admin\Downloads\openpose\3rdparty\pybind11\include\pybind11\pytypes.h(629,1): warning C4522: 'pybind11::detail::accessor<pybind11::detail::accessor_policies::list_item>': multiple assignment operators specified
C:\Users\Admin\Downloads\openpose\3rdparty\pybind11\include\pybind11\pytypes.h(1490): message : see reference to class template instantiation 'pybind11::detail::accessor<pybind11::detail::accessor_policies::list_item>' being compiled
C:\Users\Admin\Downloads\openpose\3rdparty\pybind11\include\pybind11\pytypes.h(629,1): warning C4522: 'pybind11::detail::accessor<pybind11::detail::accessor_policies::str_attr>': multiple assignment operators specified
C:\Users\Admin\Downloads\openpose\3rdparty\pybind11\include\pybind11\detail/type_caster_base.h(425): message : see reference to class template instantiation 'pybind11::detail::accessor<pybind11::detail::accessor_policies::str_attr>' being compiled
C:\Users\Admin\Downloads\openpose\3rdparty\pybind11\include\pybind11\pytypes.h(629,1): warning C4522: 'pybind11::detail::accessor<pybind11::detail::accessor_policies::obj_attr>': multiple assignment operators specified
C:\Users\Admin\Downloads\openpose\3rdparty\pybind11\include\pybind11/pybind11.h(1258): message : see reference to class template instantiation 'pybind11::detail::accessor<pybind11::detail::accessor_policies::obj_attr>' being compiled
C:\Users\Admin\Downloads\openpose\3rdparty\pybind11\include\pybind11\cast.h(768): message : see reference to class template instantiation 'pybind11::detail::descr<8>' being compiled
C:\Users\Admin\Downloads\openpose\3rdparty\pybind11\include\pybind11\cast.h(767): message : see reference to class template instantiation 'pybind11::detail::descr<3>' being compiled
C:\Users\Admin\Downloads\openpose\3rdparty\pybind11\include\pybind11\cast.h(766): message : see reference to class template instantiation 'pybind11::detail::descr<5>' being compiled
C:\Users\Admin\Downloads\openpose\3rdparty\pybind11\include\pybind11\cast.h(283): message : see reference to class template instantiation 'pybind11::detail::descr<7>' being compiled
C:\Users\Admin\Downloads\openpose\python\openpose\openpose_python.cpp(497,36): warning C4100: 'imp': unreferenced formal parameter
C:\Users\Admin\Downloads\openpose\python\openpose\openpose_python.cpp(497,26): warning C4100: 'src': unreferenced formal parameter
C:\Program Files (x86)\Microsoft Visual Studio\2019\Community\VC\Tools\MSVC\14.23.28105\include\xmemory(758,82): warning C4244: 'initializing': conversion from '_Ty' to '_Objty', possible loss of data
C:\Program Files (x86)\Microsoft Visual Studio\2019\Community\VC\Tools\MSVC\14.23.28105\include\xmemory(758,82): warning C4244:         with
C:\Program Files (x86)\Microsoft Visual Studio\2019\Community\VC\Tools\MSVC\14.23.28105\include\xmemory(758,82): warning C4244:         [
C:\Program Files (x86)\Microsoft Visual Studio\2019\Community\VC\Tools\MSVC\14.23.28105\include\xmemory(758,82): warning C4244:             _Ty=Py_ssize_t
C:\Program Files (x86)\Microsoft Visual Studio\2019\Community\VC\Tools\MSVC\14.23.28105\include\xmemory(758,82): warning C4244:         ]
C:\Program Files (x86)\Microsoft Visual Studio\2019\Community\VC\Tools\MSVC\14.23.28105\include\xmemory(758,82): warning C4244:         and
C:\Program Files (x86)\Microsoft Visual Studio\2019\Community\VC\Tools\MSVC\14.23.28105\include\xmemory(758,82): warning C4244:         [
C:\Program Files (x86)\Microsoft Visual Studio\2019\Community\VC\Tools\MSVC\14.23.28105\include\xmemory(758,82): warning C4244:             _Objty=int
C:\Program Files (x86)\Microsoft Visual Studio\2019\Community\VC\Tools\MSVC\14.23.28105\include\xmemory(758,82): warning C4244:         ]
C:\Program Files (x86)\Microsoft Visual Studio\2019\Community\VC\Tools\MSVC\14.23.28105\include\xmemory(1581): message : see reference to function template instantiation 'void std::_Default_allocator_traits<_Alloc>::construct<_Ty,__int64&>(_Alloc &,_Objty *const ,__int64 &)' being compiled
C:\Program Files (x86)\Microsoft Visual Studio\2019\Community\VC\Tools\MSVC\14.23.28105\include\xmemory(1581): message :         with
C:\Program Files (x86)\Microsoft Visual Studio\2019\Community\VC\Tools\MSVC\14.23.28105\include\xmemory(1581): message :         [
C:\Program Files (x86)\Microsoft Visual Studio\2019\Community\VC\Tools\MSVC\14.23.28105\include\xmemory(1581): message :             _Alloc=std::allocator<int>,
C:\Program Files (x86)\Microsoft Visual Studio\2019\Community\VC\Tools\MSVC\14.23.28105\include\xmemory(1581): message :             _Ty=int,
C:\Program Files (x86)\Microsoft Visual Studio\2019\Community\VC\Tools\MSVC\14.23.28105\include\xmemory(1581): message :             _Objty=int
C:\Program Files (x86)\Microsoft Visual Studio\2019\Community\VC\Tools\MSVC\14.23.28105\include\xmemory(1581): message :         ]
C:\Program Files (x86)\Microsoft Visual Studio\2019\Community\VC\Tools\MSVC\14.23.28105\include\xmemory(1581): message : see reference to function template instantiation 'void std::_Default_allocator_traits<_Alloc>::construct<_Ty,__int64&>(_Alloc &,_Objty *const ,__int64 &)' being compiled
C:\Program Files (x86)\Microsoft Visual Studio\2019\Community\VC\Tools\MSVC\14.23.28105\include\xmemory(1581): message :         with
C:\Program Files (x86)\Microsoft Visual Studio\2019\Community\VC\Tools\MSVC\14.23.28105\include\xmemory(1581): message :         [
C:\Program Files (x86)\Microsoft Visual Studio\2019\Community\VC\Tools\MSVC\14.23.28105\include\xmemory(1581): message :             _Alloc=std::allocator<int>,
C:\Program Files (x86)\Microsoft Visual Studio\2019\Community\VC\Tools\MSVC\14.23.28105\include\xmemory(1581): message :             _Ty=int,
C:\Program Files (x86)\Microsoft Visual Studio\2019\Community\VC\Tools\MSVC\14.23.28105\include\xmemory(1581): message :             _Objty=int
C:\Program Files (x86)\Microsoft Visual Studio\2019\Community\VC\Tools\MSVC\14.23.28105\include\xmemory(1581): message :         ]
C:\Program Files (x86)\Microsoft Visual Studio\2019\Community\VC\Tools\MSVC\14.23.28105\include\xmemory(1616): message : see reference to function template instantiation 'void std::_Uninitialized_backout_al<_Alloc>::_Emplace_back<_Ty&>(_Ty &)' being compiled
C:\Program Files (x86)\Microsoft Visual Studio\2019\Community\VC\Tools\MSVC\14.23.28105\include\xmemory(1616): message :         with
C:\Program Files (x86)\Microsoft Visual Studio\2019\Community\VC\Tools\MSVC\14.23.28105\include\xmemory(1616): message :         [
C:\Program Files (x86)\Microsoft Visual Studio\2019\Community\VC\Tools\MSVC\14.23.28105\include\xmemory(1616): message :             _Alloc=std::allocator<int>,
C:\Program Files (x86)\Microsoft Visual Studio\2019\Community\VC\Tools\MSVC\14.23.28105\include\xmemory(1616): message :             _Ty=Py_ssize_t
C:\Program Files (x86)\Microsoft Visual Studio\2019\Community\VC\Tools\MSVC\14.23.28105\include\xmemory(1616): message :         ]
C:\Program Files (x86)\Microsoft Visual Studio\2019\Community\VC\Tools\MSVC\14.23.28105\include\xmemory(1616): message : see reference to function template instantiation 'void std::_Uninitialized_backout_al<_Alloc>::_Emplace_back<_Ty&>(_Ty &)' being compiled
C:\Program Files (x86)\Microsoft Visual Studio\2019\Community\VC\Tools\MSVC\14.23.28105\include\xmemory(1616): message :         with
C:\Program Files (x86)\Microsoft Visual Studio\2019\Community\VC\Tools\MSVC\14.23.28105\include\xmemory(1616): message :         [
C:\Program Files (x86)\Microsoft Visual Studio\2019\Community\VC\Tools\MSVC\14.23.28105\include\xmemory(1616): message :             _Alloc=std::allocator<int>,
C:\Program Files (x86)\Microsoft Visual Studio\2019\Community\VC\Tools\MSVC\14.23.28105\include\xmemory(1616): message :             _Ty=Py_ssize_t
C:\Program Files (x86)\Microsoft Visual Studio\2019\Community\VC\Tools\MSVC\14.23.28105\include\xmemory(1616): message :         ]
C:\Program Files (x86)\Microsoft Visual Studio\2019\Community\VC\Tools\MSVC\14.23.28105\include\vector(1544): message : see reference to function template instantiation 'int *std::_Uninitialized_copy<_Iter,std::allocator<_Ty>>(const _InIt,const _InIt,int *,_Alloc &)' being compiled
C:\Program Files (x86)\Microsoft Visual Studio\2019\Community\VC\Tools\MSVC\14.23.28105\include\vector(1544): message :         with
C:\Program Files (x86)\Microsoft Visual Studio\2019\Community\VC\Tools\MSVC\14.23.28105\include\vector(1544): message :         [
C:\Program Files (x86)\Microsoft Visual Studio\2019\Community\VC\Tools\MSVC\14.23.28105\include\vector(1544): message :             _Iter=__int64 *,
C:\Program Files (x86)\Microsoft Visual Studio\2019\Community\VC\Tools\MSVC\14.23.28105\include\vector(1544): message :             _Ty=int,
C:\Program Files (x86)\Microsoft Visual Studio\2019\Community\VC\Tools\MSVC\14.23.28105\include\vector(1544): message :             _InIt=__int64 *,
C:\Program Files (x86)\Microsoft Visual Studio\2019\Community\VC\Tools\MSVC\14.23.28105\include\vector(1544): message :             _Alloc=std::allocator<int>
C:\Program Files (x86)\Microsoft Visual Studio\2019\Community\VC\Tools\MSVC\14.23.28105\include\vector(1544): message :         ]
C:\Program Files (x86)\Microsoft Visual Studio\2019\Community\VC\Tools\MSVC\14.23.28105\include\vector(442): message : see reference to function template instantiation 'int *std::vector<int,std::allocator<_Ty>>::_Ucopy<_Iter>(_Iter,_Iter,int *)' being compiled
C:\Program Files (x86)\Microsoft Visual Studio\2019\Community\VC\Tools\MSVC\14.23.28105\include\vector(442): message :         with
C:\Program Files (x86)\Microsoft Visual Studio\2019\Community\VC\Tools\MSVC\14.23.28105\include\vector(442): message :         [
C:\Program Files (x86)\Microsoft Visual Studio\2019\Community\VC\Tools\MSVC\14.23.28105\include\vector(442): message :             _Ty=int,
C:\Program Files (x86)\Microsoft Visual Studio\2019\Community\VC\Tools\MSVC\14.23.28105\include\vector(442): message :             _Iter=__int64 *
C:\Program Files (x86)\Microsoft Visual Studio\2019\Community\VC\Tools\MSVC\14.23.28105\include\vector(442): message :         ]
C:\Program Files (x86)\Microsoft Visual Studio\2019\Community\VC\Tools\MSVC\14.23.28105\include\vector(442): message : see reference to function template instantiation 'int *std::vector<int,std::allocator<_Ty>>::_Ucopy<_Iter>(_Iter,_Iter,int *)' being compiled
C:\Program Files (x86)\Microsoft Visual Studio\2019\Community\VC\Tools\MSVC\14.23.28105\include\vector(442): message :         with
C:\Program Files (x86)\Microsoft Visual Studio\2019\Community\VC\Tools\MSVC\14.23.28105\include\vector(442): message :         [
C:\Program Files (x86)\Microsoft Visual Studio\2019\Community\VC\Tools\MSVC\14.23.28105\include\vector(442): message :             _Ty=int,
C:\Program Files (x86)\Microsoft Visual Studio\2019\Community\VC\Tools\MSVC\14.23.28105\include\vector(442): message :             _Iter=__int64 *
C:\Program Files (x86)\Microsoft Visual Studio\2019\Community\VC\Tools\MSVC\14.23.28105\include\vector(442): message :         ]
C:\Program Files (x86)\Microsoft Visual Studio\2019\Community\VC\Tools\MSVC\14.23.28105\include\vector(454): message : see reference to function template instantiation 'void std::vector<int,std::allocator<_Ty>>::_Range_construct_or_tidy<__int64*>(_Iter,_Iter,std::forward_iterator_tag)' being compiled
C:\Program Files (x86)\Microsoft Visual Studio\2019\Community\VC\Tools\MSVC\14.23.28105\include\vector(454): message :         with
C:\Program Files (x86)\Microsoft Visual Studio\2019\Community\VC\Tools\MSVC\14.23.28105\include\vector(454): message :         [
C:\Program Files (x86)\Microsoft Visual Studio\2019\Community\VC\Tools\MSVC\14.23.28105\include\vector(454): message :             _Ty=int,
C:\Program Files (x86)\Microsoft Visual Studio\2019\Community\VC\Tools\MSVC\14.23.28105\include\vector(454): message :             _Iter=__int64 *
C:\Program Files (x86)\Microsoft Visual Studio\2019\Community\VC\Tools\MSVC\14.23.28105\include\vector(454): message :         ]
C:\Program Files (x86)\Microsoft Visual Studio\2019\Community\VC\Tools\MSVC\14.23.28105\include\vector(454): message : see reference to function template instantiation 'void std::vector<int,std::allocator<_Ty>>::_Range_construct_or_tidy<__int64*>(_Iter,_Iter,std::forward_iterator_tag)' being compiled
C:\Program Files (x86)\Microsoft Visual Studio\2019\Community\VC\Tools\MSVC\14.23.28105\include\vector(454): message :         with
C:\Program Files (x86)\Microsoft Visual Studio\2019\Community\VC\Tools\MSVC\14.23.28105\include\vector(454): message :         [
C:\Program Files (x86)\Microsoft Visual Studio\2019\Community\VC\Tools\MSVC\14.23.28105\include\vector(454): message :             _Ty=int,
C:\Program Files (x86)\Microsoft Visual Studio\2019\Community\VC\Tools\MSVC\14.23.28105\include\vector(454): message :             _Iter=__int64 *
C:\Program Files (x86)\Microsoft Visual Studio\2019\Community\VC\Tools\MSVC\14.23.28105\include\vector(454): message :         ]
C:\Users\Admin\Downloads\openpose\python\openpose\openpose_python.cpp(450): message : see reference to function template instantiation 'std::vector<int,std::allocator<_Ty>>::vector<std::_Vector_iterator<std::_Vector_val<std::_Simple_types<__int64>>>,void>(_Iter,_Iter,const _Alloc &)' being compiled
C:\Users\Admin\Downloads\openpose\python\openpose\openpose_python.cpp(450): message :         with
C:\Users\Admin\Downloads\openpose\python\openpose\openpose_python.cpp(450): message :         [
C:\Users\Admin\Downloads\openpose\python\openpose\openpose_python.cpp(450): message :             _Ty=int,
C:\Users\Admin\Downloads\openpose\python\openpose\openpose_python.cpp(450): message :             _Iter=std::_Vector_iterator<std::_Vector_val<std::_Simple_types<pybind11::ssize_t>>>,
C:\Users\Admin\Downloads\openpose\python\openpose\openpose_python.cpp(450): message :             _Alloc=std::allocator<int>
C:\Users\Admin\Downloads\openpose\python\openpose\openpose_python.cpp(450): message :         ]
C:\Users\Admin\Downloads\openpose\python\openpose\openpose_python.cpp(450): message : see reference to function template instantiation 'std::vector<int,std::allocator<_Ty>>::vector<std::_Vector_iterator<std::_Vector_val<std::_Simple_types<__int64>>>,void>(_Iter,_Iter,const _Alloc &)' being compiled
C:\Users\Admin\Downloads\openpose\python\openpose\openpose_python.cpp(450): message :         with
C:\Users\Admin\Downloads\openpose\python\openpose\openpose_python.cpp(450): message :         [
C:\Users\Admin\Downloads\openpose\python\openpose\openpose_python.cpp(450): message :             _Ty=int,
C:\Users\Admin\Downloads\openpose\python\openpose\openpose_python.cpp(450): message :             _Iter=std::_Vector_iterator<std::_Vector_val<std::_Simple_types<pybind11::ssize_t>>>,
C:\Users\Admin\Downloads\openpose\python\openpose\openpose_python.cpp(450): message :             _Alloc=std::allocator<int>
C:\Users\Admin\Downloads\openpose\python\openpose\openpose_python.cpp(450): message :         ]
C:\Users\Admin\Downloads\openpose\3rdparty\pybind11\include\pybind11/numpy.h(42): message : see reference to class template instantiation 'pybind11::detail::descr<13>' being compiled
     Creating library C:/Users/Admin/Downloads/openpose/build/python/openpose/Debug/pyopenpose.lib and object C:/Users/Admin/Downloads/openpose/build/python/openpose/Debug/pyopenpose.exp
  pyopenpose.vcxproj -> C:\Users\Admin\Downloads\openpose\build\python\openpose\Debug\pyopenpose.cp37-win_amd64.pyd
